Beginning Experiment...
Beginning Data Generation
Beginning Training
Experiment Complete
 ====================

Beginning Experiment...
Beginning Data Generation
Beginning Training
Experiment Complete
 ====================

Beginning Experiment...
Beginning Data Generation
Beginning Training
Experiment Complete
 ====================

Beginning Experiment...
Beginning Data Generation
Beginning Training
Experiment Complete
 ====================

Beginning Experiment...
Beginning Data Generation
Beginning Training
Experiment Complete
 ====================

Beginning Experiment...
Beginning Data Generation
Beginning Training
Experiment Complete
 ====================

